0 info it worked if it ends with ok
1 verbose cli [ '/usr/local/bin/iojs',
1 verbose cli   '/usr/local/bin/npm',
1 verbose cli   'version',
1 verbose cli   '0.0.2',
1 verbose cli   '-m',
1 verbose cli   'Release v%s.' ]
2 info using npm@2.6.1
3 info using node@v1.4.3
4 verbose stack Error: Version not changed
4 verbose stack     at /usr/local/lib/node_modules/npm/lib/version.js:52:49
4 verbose stack     at FSReqWrap.readFileAfterClose [as oncomplete] (evalmachine.<anonymous>:379:3)
5 verbose cwd /Users/zack/repos/react-native-addressbook
6 error Darwin 14.3.0
7 error argv "/usr/local/bin/iojs" "/usr/local/bin/npm" "version" "0.0.2" "-m" "Release v%s."
8 error node v1.4.3
9 error npm  v2.6.1
10 error Version not changed
11 error If you need help, you may report this error at:
11 error     <http://github.com/npm/npm/issues>
12 verbose exit [ 1, true ]
